#
#
#
#
#
#    Don't try viewing this report without a plog-converter utility!!!
#
#    plog-converter -a GA:1,2 -t tasklist -o report.tasks /path/to/this/file.log
#
#    A link to the documentation: https://www.viva64.com/en/m/0036/
#
#
#
#
#
d99cf3ba-6fcd-43f9-9260-1179fa3a9bed
r-vUVbw<6y|D3 h22y|D3JSy|D3(a88o(=2Uvu}'y|D3uaa8ay|D3rV*xy|D3{8>=-_uac->=ku'o->jcoLucNu/u'vkNc h>'o-8>c'U22}cFu ->->jcU>cU9=82houckUoLco8coLuc -2uc8ac_-au'o8afc-=c'8>=-_uau_cUck88ac=of2u}y|D3 U2=uy|D3*y|D3cccccckUaUP=!x"cmc -2uQUPuny|D3ccccccu/u'vk;R(h=a(9->(P_[=hPREckUaUP=^ny|D3ccccBcu2=ucdy|D3y|D3{4<w*G
r-vUVbw<6y|D3 h22y|D3JJy|D3(a88o(v-=oU}'y|D3uaa8ay|D3rxSxSy|D3g>'Lu'su_coU->ou_c_UoUc-=ch=u_c->c->_u/%cN=oa2u>;=LPuPQUPu^N}y|D3 U2=uy|D3xy|D3y|D3cccc=LPuPQUPu!=oa2u>;=LPuPQUPu^cwcx"cmcSny|D3cccc=uPCuU_QUPu!=oa2u>;=uPCuU_QUPu^cwcx"cmcSncy|D3y|D3{4<wJS
r-vUVbw<6y|D3 h22y|D3J*y|D3(a88o(v-=oU}'y|D3uaa8ay|D3rxSxSy|D3g>'Lu'su_coU->ou_c_UoUc-=ch=u_c->c->_u/%cN=oa2u>;=uPCuU_QUPu^N}y|D3 U2=uy|D3xy|D3cccc=LPuPQUPu!=oa2u>;=LPuPQUPu^cwcx"cmcSny|D3cccc=uPCuU_QUPu!=oa2u>;=uPCuU_QUPu^cwcx"cmcSncy|D3cccc=uP{28=uQUPu!=oa2u>;=uP{28=uQUPu^cwcx"cmcSny|D3y|D3{4<wJS
r-vUVbw<6y|D3 h22y|D3Jby|D3(a88o(v-=oU}'y|D3uaa8ay|D3rxSxSy|D3g>'Lu'su_coU->ou_c_UoUc-=ch=u_c->c->_u/%cN=oa2u>;=uP{28=uQUPu^N}y|D3 U2=uy|D3xy|D3cccc=uPCuU_QUPu!=oa2u>;=uPCuU_QUPu^cwcx"cmcSncy|D3cccc=uP{28=uQUPu!=oa2u>;=uP{28=uQUPu^cwcx"cmcSny|D3ccBy|D3y|D3{4<wJS
